<?xml version="1.0" encoding="utf-8"?><testsuites name="pytest tests"><testsuite name="pytest" errors="0" failures="0" skipped="0" tests="14" time="3.569" timestamp="2026-09-03T20:46:17.565702+00:00" hostname="agent-env-d7cf874a-30a1-4237-af9c-61b894b9a29d"><testcase classname="tests.test_audit_and_users.TestRBACNewEndpoints" name="test_unauth_audit" time="0.559" /><testcase classname="tests.test_audit_and_users.TestRBACNewEndpoints" name="test_unauth_users" time="0.228" /><testcase classname="tests.test_audit_and_users.TestUserRoleManagement" name="test_admin_can_list_users" time="0.816" /><testcase classname="tests.test_audit_and_users.TestRBACNewEndpoints" name="test_unauth_role" time="0.156" /><testcase classname="tests.test_audit_and_users.TestUserRoleManagement" name="test_self_role_change_400" time="0.183" /><testcase classname="tests.test_audit_and_users.TestUserRoleManagement" name="test_invalid_role_400" time="0.686" /><testcase classname="tests.test_audit_and_users.TestUserRoleManagement" name="test_nonexistent_404" time="0.115" /><testcase classname="tests.test_audit_and_users.TestRBACNewEndpoints" name="test_forbidden_audit" time="0.913" /><testcase classname="tests.test_audit_and_users.TestUserRoleManagement" name="test_promote_then_demote" time="0.431" /><testcase classname="tests.test_audit_and_users.TestRBACNewEndpoints" name="test_forbidden_users" time="0.099" /><testcase classname="tests.test_audit_and_users.TestRBACNewEndpoints" name="test_forbidden_role" time="0.119" /><testcase classname="tests.test_audit_and_users.TestAuditTrail" name="test_create_logs_audit" time="0.255" /><testcase classname="tests.test_audit_and_users.TestAuditTrail" name="test_update_logs_details" time="0.263" /><testcase classname="tests.test_audit_and_users.TestAuditTrail" name="test_delete_logs_audit" time="0.182" /></testsuite></testsuites>