<?xml version="1.0" encoding="utf-8"?><testsuites name="pytest tests"><testsuite name="pytest" errors="0" failures="0" skipped="0" tests="41" time="7.865" timestamp="2026-09-03T20:46:25.590545+00:00" hostname="agent-env-d7cf874a-30a1-4237-af9c-61b894b9a29d"><testcase classname="tests.test_admin_and_isolation.TestAdminCRUDAllergens" name="test_admin_list" time="0.644" /><testcase classname="tests.backend_test.TestAuth" name="test_admin_login_and_me" time="0.683" /><testcase classname="tests.test_admin_and_isolation.TestAdminCRUDAllergens" name="test_admin_create" time="0.213" /><testcase classname="tests.backend_test.TestAuth" name="test_register_new_user_and_logout" time="0.742" /><testcase classname="tests.test_admin_and_isolation.TestAdminCRUDAllergens" name="test_admin_create_bad_type" time="0.198" /><testcase classname="tests.test_admin_and_isolation.TestAdminCRUDAllergens" name="test_admin_create_duplicate" time="0.122" /><testcase classname="tests.test_admin_and_isolation.TestAdminCRUDAllergens" name="test_admin_update" time="0.075" /><testcase classname="tests.test_admin_and_isolation.TestAdminCRUDAllergens" name="test_admin_delete" time="0.160" /><testcase classname="tests.test_admin_and_isolation.TestAdminCRUDAllergens" name="test_admin_delete_404" time="0.070" /><testcase classname="tests.backend_test.TestAuth" name="test_register_duplicate" time="0.160" /><testcase classname="tests.test_audit_and_users.TestRBACNewEndpoints" name="test_unauth_audit" time="0.157" /><testcase classname="tests.backend_test.TestAuth" name="test_login_invalid" time="0.361" /><testcase classname="tests.test_audit_and_users.TestRBACNewEndpoints" name="test_unauth_users" time="0.302" /><testcase classname="tests.backend_test.TestAuth" name="test_google_session_missing_header" time="0.243" /><testcase classname="tests.test_audit_and_users.TestRBACNewEndpoints" name="test_unauth_role" time="0.167" /><testcase classname="tests.backend_test.TestAuth" name="test_google_session_invalid_id" time="0.392" /><testcase classname="tests.backend_test.TestAuth" name="test_allergens_requires_auth" time="0.168" /><testcase classname="tests.test_audit_and_users.TestRBACNewEndpoints" name="test_forbidden_audit" time="0.612" /><testcase classname="tests.test_audit_and_users.TestRBACNewEndpoints" name="test_forbidden_users" time="0.071" /><testcase classname="tests.backend_test.TestAggregate" name="test_case_a_two_food_under5" time="0.087" /><testcase classname="tests.test_audit_and_users.TestRBACNewEndpoints" name="test_forbidden_role" time="0.118" /><testcase classname="tests.backend_test.TestAggregate" name="test_case_b_six_foods" time="0.089" /><testcase classname="tests.backend_test.TestAggregate" name="test_case_c_25_mixed_inal_alim" time="0.386" /><testcase classname="tests.backend_test.TestAggregate" name="test_case_d_molecular" time="0.080" /><testcase classname="tests.test_admin_and_isolation.TestRBACAdminAllergens" name="test_user_forbidden_get" time="0.564" /><testcase classname="tests.backend_test.TestAggregate" name="test_case_e_65_allergens" time="0.170" /><testcase classname="tests.test_admin_and_isolation.TestRBACAdminAllergens" name="test_user_forbidden_post" time="0.141" /><testcase classname="tests.test_admin_and_isolation.TestRBACAdminAllergens" name="test_user_forbidden_put" time="0.333" /><testcase classname="tests.test_admin_and_isolation.TestRBACAdminAllergens" name="test_user_forbidden_delete" time="0.138" /><testcase classname="tests.test_audit_and_users.TestUserRoleManagement" name="test_admin_can_list_users" time="0.519" /><testcase classname="tests.test_audit_and_users.TestUserRoleManagement" name="test_self_role_change_400" time="0.080" /><testcase classname="tests.test_admin_and_isolation.TestRBACAdminAllergens" name="test_unauth_admin_endpoints" time="0.190" /><testcase classname="tests.test_audit_and_users.TestUserRoleManagement" name="test_invalid_role_400" time="0.733" /><testcase classname="tests.test_audit_and_users.TestUserRoleManagement" name="test_nonexistent_404" time="0.066" /><testcase classname="tests.test_audit_and_users.TestAuditTrail" name="test_create_logs_audit" time="0.809" /><testcase classname="tests.test_audit_and_users.TestUserRoleManagement" name="test_promote_then_demote" time="0.532" /><testcase classname="tests.test_audit_and_users.TestAuditTrail" name="test_update_logs_details" time="0.182" /><testcase classname="tests.test_audit_and_users.TestAuditTrail" name="test_delete_logs_audit" time="0.154" /><testcase classname="tests.backend_test.TestAllergens" name="test_list_allergens" time="0.327" /><testcase classname="tests.backend_test.TestReports" name="test_create_list_get_delete" time="0.831" /><testcase classname="tests.test_admin_and_isolation.TestReportIsolation" name="test_user_sees_only_own_reports" time="1.844" /></testsuite></testsuites>