<?xml version="1.0" encoding="utf-8"?><testsuites name="pytest tests"><testsuite name="pytest" errors="0" failures="0" skipped="0" tests="14" time="4.728" timestamp="2026-09-04T06:22:37.007039+00:00" hostname="agent-env-d7cf874a-30a1-4237-af9c-61b894b9a29d"><testcase classname="tests.test_profiles_and_cron.TestProfileRBAC" name="test_get_profiles_requires_auth" time="0.581" /><testcase classname="tests.test_profiles_and_cron.TestProfileCRUD" name="test_create_profile" time="0.643" /><testcase classname="tests.test_profiles_and_cron.TestProfileCRUD" name="test_list_shows_created" time="0.058" /><testcase classname="tests.test_profiles_and_cron.TestProfileCRUD" name="test_update_profile" time="0.261" /><testcase classname="tests.test_profiles_and_cron.TestProfileRBAC" name="test_get_profiles_authenticated_user" time="0.412" /><testcase classname="tests.test_profiles_and_cron.TestProfileCRUD" name="test_delete_profile" time="0.103" /><testcase classname="tests.test_profiles_and_cron.TestProfileCRUD" name="test_update_nonexistent" time="0.270" /><testcase classname="tests.test_profiles_and_cron.TestProfileCRUD" name="test_delete_nonexistent" time="0.067" /><testcase classname="tests.test_profiles_and_cron.TestProfileRBAC" name="test_admin_create_requires_admin" time="0.456" /><testcase classname="tests.test_profiles_and_cron.TestSISSInvariance" name="test_aggregate_invariance" time="0.216" /><testcase classname="tests.test_profiles_and_cron.TestProfileRBAC" name="test_admin_create_unauthenticated" time="0.249" /><testcase classname="tests.test_profiles_and_cron.TestCronPurge" name="test_no_auth" time="0.099" /><testcase classname="tests.test_profiles_and_cron.TestCronPurge" name="test_wrong_secret" time="0.115" /><testcase classname="tests.test_profiles_and_cron.TestCronPurge" name="test_correct_secret_and_recent_report_preserved" time="2.322" /></testsuite></testsuites>