<?xml version="1.0" encoding="utf-8"?><testsuites name="pytest tests"><testsuite name="pytest" errors="0" failures="0" skipped="0" tests="27" time="5.851" timestamp="2026-09-03T20:14:52.555756+00:00" hostname="agent-env-d7cf874a-30a1-4237-af9c-61b894b9a29d"><testcase classname="tests.backend_test.TestAuth" name="test_admin_login_and_me" time="0.688" /><testcase classname="tests.test_admin_and_isolation.TestAdminCRUDAllergens" name="test_admin_list" time="0.819" /><testcase classname="tests.backend_test.TestAuth" name="test_register_new_user_and_logout" time="0.815" /><testcase classname="tests.test_admin_and_isolation.TestAdminCRUDAllergens" name="test_admin_create" time="0.351" /><testcase classname="tests.test_admin_and_isolation.TestAdminCRUDAllergens" name="test_admin_create_bad_type" time="0.125" /><testcase classname="tests.test_admin_and_isolation.TestAdminCRUDAllergens" name="test_admin_create_duplicate" time="0.074" /><testcase classname="tests.test_admin_and_isolation.TestAdminCRUDAllergens" name="test_admin_update" time="0.082" /><testcase classname="tests.test_admin_and_isolation.TestAdminCRUDAllergens" name="test_admin_delete" time="0.168" /><testcase classname="tests.backend_test.TestAuth" name="test_register_duplicate" time="0.162" /><testcase classname="tests.test_admin_and_isolation.TestAdminCRUDAllergens" name="test_admin_delete_404" time="0.071" /><testcase classname="tests.backend_test.TestAuth" name="test_login_invalid" time="0.346" /><testcase classname="tests.backend_test.TestAuth" name="test_google_session_missing_header" time="0.262" /><testcase classname="tests.backend_test.TestAggregate" name="test_case_a_two_food_under5" time="0.634" /><testcase classname="tests.backend_test.TestAuth" name="test_google_session_invalid_id" time="0.237" /><testcase classname="tests.backend_test.TestAggregate" name="test_case_b_six_foods" time="0.060" /><testcase classname="tests.backend_test.TestAggregate" name="test_case_c_25_mixed_inal_alim" time="0.202" /><testcase classname="tests.backend_test.TestAuth" name="test_allergens_requires_auth" time="0.188" /><testcase classname="tests.backend_test.TestAggregate" name="test_case_d_molecular" time="0.058" /><testcase classname="tests.backend_test.TestAggregate" name="test_case_e_65_allergens" time="0.138" /><testcase classname="tests.backend_test.TestAllergens" name="test_list_allergens" time="0.270" /><testcase classname="tests.backend_test.TestReports" name="test_create_list_get_delete" time="0.338" /><testcase classname="tests.test_admin_and_isolation.TestRBACAdminAllergens" name="test_user_forbidden_get" time="0.454" /><testcase classname="tests.test_admin_and_isolation.TestRBACAdminAllergens" name="test_user_forbidden_post" time="0.109" /><testcase classname="tests.test_admin_and_isolation.TestRBACAdminAllergens" name="test_user_forbidden_put" time="0.075" /><testcase classname="tests.test_admin_and_isolation.TestRBACAdminAllergens" name="test_user_forbidden_delete" time="0.070" /><testcase classname="tests.test_admin_and_isolation.TestRBACAdminAllergens" name="test_unauth_admin_endpoints" time="0.339" /><testcase classname="tests.test_admin_and_isolation.TestReportIsolation" name="test_user_sees_only_own_reports" time="1.904" /></testsuite></testsuites>