<?xml version="1.0" encoding="utf-8"?><testsuites name="pytest tests"><testsuite name="pytest" errors="0" failures="0" skipped="0" tests="13" time="3.452" timestamp="2026-09-03T19:54:27.909591+00:00" hostname="agent-env-d7cf874a-30a1-4237-af9c-61b894b9a29d"><testcase classname="tests.test_admin_and_isolation.TestRBACAdminAllergens" name="test_user_forbidden_get" time="0.773" /><testcase classname="tests.test_admin_and_isolation.TestAdminCRUDAllergens" name="test_admin_list" time="0.887" /><testcase classname="tests.test_admin_and_isolation.TestRBACAdminAllergens" name="test_user_forbidden_post" time="0.083" /><testcase classname="tests.test_admin_and_isolation.TestRBACAdminAllergens" name="test_user_forbidden_put" time="0.088" /><testcase classname="tests.test_admin_and_isolation.TestAdminCRUDAllergens" name="test_admin_create" time="0.193" /><testcase classname="tests.test_admin_and_isolation.TestRBACAdminAllergens" name="test_user_forbidden_delete" time="0.079" /><testcase classname="tests.test_admin_and_isolation.TestRBACAdminAllergens" name="test_unauth_admin_endpoints" time="0.265" /><testcase classname="tests.test_admin_and_isolation.TestAdminCRUDAllergens" name="test_admin_create_bad_type" time="0.077" /><testcase classname="tests.test_admin_and_isolation.TestAdminCRUDAllergens" name="test_admin_create_duplicate" time="0.083" /><testcase classname="tests.test_admin_and_isolation.TestAdminCRUDAllergens" name="test_admin_update" time="0.124" /><testcase classname="tests.test_admin_and_isolation.TestAdminCRUDAllergens" name="test_admin_delete" time="0.401" /><testcase classname="tests.test_admin_and_isolation.TestAdminCRUDAllergens" name="test_admin_delete_404" time="0.078" /><testcase classname="tests.test_admin_and_isolation.TestReportIsolation" name="test_user_sees_only_own_reports" time="1.546" /></testsuite></testsuites>